[INFO] [2016-06-30 20:01:14][org.springframework.beans.factory.xml.XmlBeanDefinitionReader]Loading XML bean definitions from class path resource [spring-mybatis.xml]
  [INFO] [2016-06-30 20:01:14][org.springframework.context.support.GenericApplicationContext]Refreshing org.springframework.context.support.GenericApplicationContext@26f67b76: startup date [Thu Jun 30 20:01:14 CST 2016]; root of context hierarchy
  [INFO] [2016-06-30 20:01:14][org.springframework.beans.factory.config.PropertyPlaceholderConfigurer]Loading properties file from class path resource [jdbc.properties]
  [INFO] [2016-06-30 20:01:14][org.springframework.beans.factory.annotation.AutowiredAnnotationBeanPostProcessor]JSR-330 'javax.inject.Inject' annotation found and supported for autowiring
  [INFO] [2016-06-30 20:01:15][org.springframework.context.support.GenericApplicationContext]Closing org.springframework.context.support.GenericApplicationContext@26f67b76: startup date [Thu Jun 30 20:01:14 CST 2016]; root of context hierarchy
  [INFO] [2016-06-30 20:01:53][org.springframework.beans.factory.xml.XmlBeanDefinitionReader]Loading XML bean definitions from class path resource [spring-mybatis.xml]
  [INFO] [2016-06-30 20:01:53][org.springframework.context.support.GenericApplicationContext]Refreshing org.springframework.context.support.GenericApplicationContext@26f67b76: startup date [Thu Jun 30 20:01:53 CST 2016]; root of context hierarchy
  [INFO] [2016-06-30 20:01:53][org.springframework.beans.factory.config.PropertyPlaceholderConfigurer]Loading properties file from class path resource [jdbc.properties]
  [INFO] [2016-06-30 20:01:53][org.springframework.beans.factory.annotation.AutowiredAnnotationBeanPostProcessor]JSR-330 'javax.inject.Inject' annotation found and supported for autowiring
  [INFO] [2016-06-30 20:01:53][org.springframework.context.support.GenericApplicationContext]Closing org.springframework.context.support.GenericApplicationContext@26f67b76: startup date [Thu Jun 30 20:01:53 CST 2016]; root of context hierarchy
  [INFO] [2016-06-30 20:03:13][org.springframework.beans.factory.xml.XmlBeanDefinitionReader]Loading XML bean definitions from class path resource [spring-mybatis.xml]
  [INFO] [2016-06-30 20:03:13][org.springframework.context.support.GenericApplicationContext]Refreshing org.springframework.context.support.GenericApplicationContext@26f67b76: startup date [Thu Jun 30 20:03:13 CST 2016]; root of context hierarchy
  [INFO] [2016-06-30 20:03:13][org.springframework.beans.factory.config.PropertyPlaceholderConfigurer]Loading properties file from class path resource [jdbc.properties]
  [INFO] [2016-06-30 20:03:13][org.springframework.beans.factory.annotation.AutowiredAnnotationBeanPostProcessor]JSR-330 'javax.inject.Inject' annotation found and supported for autowiring
  [INFO] [2016-06-30 20:03:13][org.springframework.context.support.GenericApplicationContext]Closing org.springframework.context.support.GenericApplicationContext@26f67b76: startup date [Thu Jun 30 20:03:13 CST 2016]; root of context hierarchy
  [INFO] [2016-06-30 20:04:25][org.springframework.beans.factory.xml.XmlBeanDefinitionReader]Loading XML bean definitions from class path resource [spring-mybatis.xml]
  [INFO] [2016-06-30 20:04:26][org.springframework.context.support.GenericApplicationContext]Refreshing org.springframework.context.support.GenericApplicationContext@26f67b76: startup date [Thu Jun 30 20:04:26 CST 2016]; root of context hierarchy
  [INFO] [2016-06-30 20:04:26][org.springframework.beans.factory.config.PropertyPlaceholderConfigurer]Loading properties file from class path resource [jdbc.properties]
  [INFO] [2016-06-30 20:04:26][org.springframework.beans.factory.annotation.AutowiredAnnotationBeanPostProcessor]JSR-330 'javax.inject.Inject' annotation found and supported for autowiring
  [INFO] [2016-06-30 20:04:26][org.springframework.context.support.GenericApplicationContext]Closing org.springframework.context.support.GenericApplicationContext@26f67b76: startup date [Thu Jun 30 20:04:26 CST 2016]; root of context hierarchy
  [INFO] [2016-06-30 20:05:11][org.springframework.beans.factory.xml.XmlBeanDefinitionReader]Loading XML bean definitions from class path resource [spring-mybatis.xml]
  [INFO] [2016-06-30 20:05:11][org.springframework.context.support.GenericApplicationContext]Refreshing org.springframework.context.support.GenericApplicationContext@26f67b76: startup date [Thu Jun 30 20:05:11 CST 2016]; root of context hierarchy
  [INFO] [2016-06-30 20:05:11][org.springframework.beans.factory.config.PropertyPlaceholderConfigurer]Loading properties file from class path resource [jdbc.properties]
  [INFO] [2016-06-30 20:05:11][org.springframework.beans.factory.annotation.AutowiredAnnotationBeanPostProcessor]JSR-330 'javax.inject.Inject' annotation found and supported for autowiring
  [INFO] [2016-06-30 20:05:12][org.springframework.context.support.GenericApplicationContext]Closing org.springframework.context.support.GenericApplicationContext@26f67b76: startup date [Thu Jun 30 20:05:11 CST 2016]; root of context hierarchy
  [INFO] [2016-06-30 20:06:22][org.springframework.beans.factory.xml.XmlBeanDefinitionReader]Loading XML bean definitions from class path resource [spring-mybatis.xml]
  [INFO] [2016-06-30 20:06:22][org.springframework.context.support.GenericApplicationContext]Refreshing org.springframework.context.support.GenericApplicationContext@26f67b76: startup date [Thu Jun 30 20:06:22 CST 2016]; root of context hierarchy
  [INFO] [2016-06-30 20:06:23][org.springframework.beans.factory.config.PropertyPlaceholderConfigurer]Loading properties file from class path resource [jdbc.properties]
  [INFO] [2016-06-30 20:06:23][org.springframework.beans.factory.annotation.AutowiredAnnotationBeanPostProcessor]JSR-330 'javax.inject.Inject' annotation found and supported for autowiring
  [INFO] [2016-06-30 20:06:23][org.springframework.context.support.GenericApplicationContext]Closing org.springframework.context.support.GenericApplicationContext@26f67b76: startup date [Thu Jun 30 20:06:22 CST 2016]; root of context hierarchy
  [INFO] [2016-06-30 20:07:20][org.springframework.beans.factory.xml.XmlBeanDefinitionReader]Loading XML bean definitions from class path resource [spring-mybatis.xml]
  [INFO] [2016-06-30 20:07:20][org.springframework.context.support.GenericApplicationContext]Refreshing org.springframework.context.support.GenericApplicationContext@153f5a29: startup date [Thu Jun 30 20:07:20 CST 2016]; root of context hierarchy
  [INFO] [2016-06-30 20:07:20][org.springframework.beans.factory.config.PropertyPlaceholderConfigurer]Loading properties file from class path resource [jdbc.properties]
  [INFO] [2016-06-30 20:07:20][org.springframework.beans.factory.annotation.AutowiredAnnotationBeanPostProcessor]JSR-330 'javax.inject.Inject' annotation found and supported for autowiring
  [INFO] [2016-06-30 20:07:21][org.springframework.context.support.ClassPathXmlApplicationContext]Refreshing org.springframework.context.support.ClassPathXmlApplicationContext@10959ece: startup date [Thu Jun 30 20:07:21 CST 2016]; root of context hierarchy
  [INFO] [2016-06-30 20:07:21][org.springframework.beans.factory.xml.XmlBeanDefinitionReader]Loading XML bean definitions from class path resource [applicationContext.xml]
  [INFO] [2016-06-30 20:07:21][org.springframework.context.support.GenericApplicationContext]Closing org.springframework.context.support.GenericApplicationContext@153f5a29: startup date [Thu Jun 30 20:07:20 CST 2016]; root of context hierarchy
  [INFO] [2016-06-30 20:08:36][org.springframework.beans.factory.xml.XmlBeanDefinitionReader]Loading XML bean definitions from class path resource [spring-mybatis.xml]
  [INFO] [2016-06-30 20:08:36][org.springframework.context.support.GenericApplicationContext]Refreshing org.springframework.context.support.GenericApplicationContext@26f67b76: startup date [Thu Jun 30 20:08:36 CST 2016]; root of context hierarchy
  [INFO] [2016-06-30 20:08:36][org.springframework.beans.factory.config.PropertyPlaceholderConfigurer]Loading properties file from class path resource [jdbc.properties]
  [INFO] [2016-06-30 20:08:36][org.springframework.beans.factory.annotation.AutowiredAnnotationBeanPostProcessor]JSR-330 'javax.inject.Inject' annotation found and supported for autowiring
  [INFO] [2016-06-30 20:08:37][org.springframework.context.support.GenericApplicationContext]Closing org.springframework.context.support.GenericApplicationContext@26f67b76: startup date [Thu Jun 30 20:08:36 CST 2016]; root of context hierarchy
  [INFO] [2016-06-30 20:14:27][org.springframework.context.support.ClassPathXmlApplicationContext]Refreshing org.springframework.context.support.ClassPathXmlApplicationContext@1e81f4dc: startup date [Thu Jun 30 20:14:27 CST 2016]; root of context hierarchy
  [INFO] [2016-06-30 20:14:27][org.springframework.beans.factory.xml.XmlBeanDefinitionReader]Loading XML bean definitions from class path resource [applicationContext.xml]
  [INFO] [2016-06-30 20:15:05][org.springframework.context.support.ClassPathXmlApplicationContext]Refreshing org.springframework.context.support.ClassPathXmlApplicationContext@1e81f4dc: startup date [Thu Jun 30 20:15:05 CST 2016]; root of context hierarchy
  [INFO] [2016-06-30 20:15:05][org.springframework.beans.factory.xml.XmlBeanDefinitionReader]Loading XML bean definitions from class path resource [spring-mybatis.xml]
  [INFO] [2016-06-30 20:15:05][org.springframework.beans.factory.config.PropertyPlaceholderConfigurer]Loading properties file from class path resource [jdbc.properties]
  [INFO] [2016-06-30 20:15:05][org.springframework.beans.factory.annotation.AutowiredAnnotationBeanPostProcessor]JSR-330 'javax.inject.Inject' annotation found and supported for autowiring
  [INFO] [2016-06-30 20:23:27][org.springframework.beans.factory.xml.XmlBeanDefinitionReader]Loading XML bean definitions from class path resource [spring-mybatis.xml]
  [INFO] [2016-06-30 20:23:28][org.springframework.context.support.GenericApplicationContext]Refreshing org.springframework.context.support.GenericApplicationContext@26f67b76: startup date [Thu Jun 30 20:23:28 CST 2016]; root of context hierarchy
  [INFO] [2016-06-30 20:23:28][org.springframework.beans.factory.config.PropertyPlaceholderConfigurer]Loading properties file from class path resource [jdbc.properties]
  [INFO] [2016-06-30 20:23:28][org.springframework.beans.factory.annotation.AutowiredAnnotationBeanPostProcessor]JSR-330 'javax.inject.Inject' annotation found and supported for autowiring
  [INFO] [2016-06-30 20:23:29][org.springframework.context.support.GenericApplicationContext]Closing org.springframework.context.support.GenericApplicationContext@26f67b76: startup date [Thu Jun 30 20:23:28 CST 2016]; root of context hierarchy
  [INFO] [2016-06-30 20:24:44][org.springframework.beans.factory.xml.XmlBeanDefinitionReader]Loading XML bean definitions from class path resource [spring-mybatis.xml]
  [INFO] [2016-06-30 20:24:44][org.springframework.context.support.GenericApplicationContext]Refreshing org.springframework.context.support.GenericApplicationContext@26f67b76: startup date [Thu Jun 30 20:24:44 CST 2016]; root of context hierarchy
  [INFO] [2016-06-30 20:24:44][org.springframework.beans.factory.config.PropertyPlaceholderConfigurer]Loading properties file from class path resource [jdbc.properties]
  [INFO] [2016-06-30 20:24:44][org.springframework.beans.factory.annotation.AutowiredAnnotationBeanPostProcessor]JSR-330 'javax.inject.Inject' annotation found and supported for autowiring
  [INFO] [2016-06-30 20:24:45][org.springframework.context.support.GenericApplicationContext]Closing org.springframework.context.support.GenericApplicationContext@26f67b76: startup date [Thu Jun 30 20:24:44 CST 2016]; root of context hierarchy
  [INFO] [2016-06-30 20:36:05][org.springframework.beans.factory.xml.XmlBeanDefinitionReader]Loading XML bean definitions from class path resource [spring-mybatis.xml]
  [INFO] [2016-06-30 20:36:05][org.springframework.context.support.GenericApplicationContext]Refreshing org.springframework.context.support.GenericApplicationContext@26f67b76: startup date [Thu Jun 30 20:36:05 CST 2016]; root of context hierarchy
  [INFO] [2016-06-30 20:36:05][org.springframework.beans.factory.config.PropertyPlaceholderConfigurer]Loading properties file from class path resource [jdbc.properties]
  [INFO] [2016-06-30 20:36:05][org.springframework.beans.factory.annotation.AutowiredAnnotationBeanPostProcessor]JSR-330 'javax.inject.Inject' annotation found and supported for autowiring
  [INFO] [2016-06-30 20:36:05][org.springframework.context.support.GenericApplicationContext]Closing org.springframework.context.support.GenericApplicationContext@26f67b76: startup date [Thu Jun 30 20:36:05 CST 2016]; root of context hierarchy
  [INFO] [2016-06-30 21:02:02][org.springframework.beans.factory.xml.XmlBeanDefinitionReader]Loading XML bean definitions from class path resource [spring-mybatis.xml]
  [INFO] [2016-06-30 21:02:02][org.springframework.context.support.GenericApplicationContext]Refreshing org.springframework.context.support.GenericApplicationContext@26f67b76: startup date [Thu Jun 30 21:02:02 CST 2016]; root of context hierarchy
  [INFO] [2016-06-30 21:02:02][org.springframework.beans.factory.config.PropertyPlaceholderConfigurer]Loading properties file from class path resource [jdbc.properties]
  [INFO] [2016-06-30 21:02:02][org.springframework.beans.factory.annotation.AutowiredAnnotationBeanPostProcessor]JSR-330 'javax.inject.Inject' annotation found and supported for autowiring
  [INFO] [2016-06-30 21:02:04][com.hyh.blog.testMybatis.TestMybatis]{"age":24,"id":1,"password":"sfasgfaf","userName":"测试"}
  [INFO] [2016-06-30 21:02:04][org.springframework.context.support.GenericApplicationContext]Closing org.springframework.context.support.GenericApplicationContext@26f67b76: startup date [Thu Jun 30 21:02:02 CST 2016]; root of context hierarchy
  [INFO] [2016-06-30 21:02:19][org.springframework.beans.factory.xml.XmlBeanDefinitionReader]Loading XML bean definitions from class path resource [spring-mybatis.xml]
  [INFO] [2016-06-30 21:02:19][org.springframework.context.support.GenericApplicationContext]Refreshing org.springframework.context.support.GenericApplicationContext@26f67b76: startup date [Thu Jun 30 21:02:19 CST 2016]; root of context hierarchy
  [INFO] [2016-06-30 21:02:19][org.springframework.beans.factory.config.PropertyPlaceholderConfigurer]Loading properties file from class path resource [jdbc.properties]
  [INFO] [2016-06-30 21:02:19][org.springframework.beans.factory.annotation.AutowiredAnnotationBeanPostProcessor]JSR-330 'javax.inject.Inject' annotation found and supported for autowiring
  [INFO] [2016-06-30 21:02:20][org.springframework.context.support.GenericApplicationContext]Closing org.springframework.context.support.GenericApplicationContext@26f67b76: startup date [Thu Jun 30 21:02:19 CST 2016]; root of context hierarchy
  [INFO] [2016-06-30 21:02:44][org.springframework.beans.factory.xml.XmlBeanDefinitionReader]Loading XML bean definitions from class path resource [spring-mybatis.xml]
  [INFO] [2016-06-30 21:02:44][org.springframework.context.support.GenericApplicationContext]Refreshing org.springframework.context.support.GenericApplicationContext@26f67b76: startup date [Thu Jun 30 21:02:44 CST 2016]; root of context hierarchy
  [INFO] [2016-06-30 21:02:45][org.springframework.beans.factory.config.PropertyPlaceholderConfigurer]Loading properties file from class path resource [jdbc.properties]
  [INFO] [2016-06-30 21:02:45][org.springframework.beans.factory.annotation.AutowiredAnnotationBeanPostProcessor]JSR-330 'javax.inject.Inject' annotation found and supported for autowiring
  [INFO] [2016-06-30 21:02:47][com.hyh.blog.testMybatis.TestMybatis]{"age":24,"id":1,"password":"sfasgfaf","userName":"测试"}
  [INFO] [2016-06-30 21:02:47][org.springframework.context.support.GenericApplicationContext]Closing org.springframework.context.support.GenericApplicationContext@26f67b76: startup date [Thu Jun 30 21:02:44 CST 2016]; root of context hierarchy
  [INFO] [2016-06-30 21:08:40][org.springframework.beans.factory.xml.XmlBeanDefinitionReader]Loading XML bean definitions from class path resource [spring-mybatis.xml]
  [INFO] [2016-06-30 21:08:41][org.springframework.context.support.GenericApplicationContext]Refreshing org.springframework.context.support.GenericApplicationContext@26f67b76: startup date [Thu Jun 30 21:08:41 CST 2016]; root of context hierarchy
  [INFO] [2016-06-30 21:08:41][org.springframework.beans.factory.config.PropertyPlaceholderConfigurer]Loading properties file from class path resource [jdbc.properties]
  [INFO] [2016-06-30 21:08:41][org.springframework.beans.factory.annotation.AutowiredAnnotationBeanPostProcessor]JSR-330 'javax.inject.Inject' annotation found and supported for autowiring
  [INFO] [2016-06-30 21:08:42][com.hyh.blog.testMybatis.TestMybatis]{"age":24,"id":1,"password":"sfasgfaf","userName":"测试"}
  [INFO] [2016-06-30 21:08:42][org.springframework.context.support.GenericApplicationContext]Closing org.springframework.context.support.GenericApplicationContext@26f67b76: startup date [Thu Jun 30 21:08:41 CST 2016]; root of context hierarchy
  